<?xml version="1.0" encoding="UTF-8"?>
<testsuite name="TestSuite" time="26.798" tests="1" errors="0" skipped="0" failures="1">
  <properties>
[...]
</properties>
  <testcase name="launchGoogle" classname="test.RobotTest" time="26.798">
    <failure message="Failed to decode response from marionette&#10;Build info: version: &apos;3.141.59&apos;, revision: &apos;e82be7d358&apos;, time: &apos;2018-11-14T08:17:03&apos;&#10;System info: host: &apos;walkingtree&apos;, ip: &apos;127.0.1.1&apos;, os.name: &apos;Linux&apos;, os.arch: &apos;amd64&apos;, os.version: &apos;5.11.0-40-generic&apos;, java.version: &apos;11.0.11&apos;&#10;Driver info: org.openqa.selenium.firefox.FirefoxDriver&#10;Capabilities {acceptInsecureCerts: true, browserName: firefox, browserVersion: 94.0, javascriptEnabled: true, moz:accessibilityChecks: false, moz:buildID: 20211028161635, moz:geckodriverVersion: 0.30.0, moz:headless: false, moz:processID: 77862, moz:profile: /tmp/rust_mozprofileKtCqkL, moz:shutdownTimeout: 60000, moz:useNonSpecCompliantPointerOrigin: false, moz:webdriverClick: true, pageLoadStrategy: normal, platform: LINUX, platformName: LINUX, platformVersion: 5.11.0-40-generic, proxy: Proxy(), setWindowRect: true, strictFileInteractability: false, timeouts: {implicit: 0, pageLoad: 300000, script: 30000}, unhandledPromptBehavior: dismiss and notify}&#10;Session ID: cbfc40a4-3a4a-47fb-876c-5c9f399320a3&#10;*** Element info: {Using=xpath, value=//h3[contains(text(),&apos;TestNG - Welcome&apos;)]}" type="org.openqa.selenium.WebDriverException">org.openqa.selenium.WebDriverException: Failed to decode response from marionette
Build info: version: '3.141.59', revision: 'e82be7d358', time: '2018-11-14T08:17:03'
System info: host: 'walkingtree', ip: '127.0.1.1', os.name: 'Linux', os.arch: 'amd64', os.version: '5.11.0-40-generic', java.version: '11.0.11'
Driver info: org.openqa.selenium.firefox.FirefoxDriver
Capabilities {acceptInsecureCerts: true, browserName: firefox, browserVersion: 94.0, javascriptEnabled: true, moz:accessibilityChecks: false, moz:buildID: 20211028161635, moz:geckodriverVersion: 0.30.0, moz:headless: false, moz:processID: 77862, moz:profile: /tmp/rust_mozprofileKtCqkL, moz:shutdownTimeout: 60000, moz:useNonSpecCompliantPointerOrigin: false, moz:webdriverClick: true, pageLoadStrategy: normal, platform: LINUX, platformName: LINUX, platformVersion: 5.11.0-40-generic, proxy: Proxy(), setWindowRect: true, strictFileInteractability: false, timeouts: {implicit: 0, pageLoad: 300000, script: 30000}, unhandledPromptBehavior: dismiss and notify}
Session ID: cbfc40a4-3a4a-47fb-876c-5c9f399320a3
*** Element info: {Using=xpath, value=//h3[contains(text(),'TestNG - Welcome')]}
	at java.base/jdk.internal.reflect.NativeConstructorAccessorImpl.newInstance0(Native Method)
	at java.base/jdk.internal.reflect.NativeConstructorAccessorImpl.newInstance(NativeConstructorAccessorImpl.java:62)
	at java.base/jdk.internal.reflect.DelegatingConstructorAccessorImpl.newInstance(DelegatingConstructorAccessorImpl.java:45)
	at java.base/java.lang.reflect.Constructor.newInstance(Constructor.java:490)
	at org.openqa.selenium.remote.http.W3CHttpResponseCodec.createException(W3CHttpResponseCodec.java:187)
	at org.openqa.selenium.remote.http.W3CHttpResponseCodec.decode(W3CHttpResponseCodec.java:122)
	at org.openqa.selenium.remote.http.W3CHttpResponseCodec.decode(W3CHttpResponseCodec.java:49)
	at org.openqa.selenium.remote.HttpCommandExecutor.execute(HttpCommandExecutor.java:158)
	at org.openqa.selenium.remote.service.DriverCommandExecutor.execute(DriverCommandExecutor.java:83)
	at org.openqa.selenium.remote.RemoteWebDriver.execute(RemoteWebDriver.java:552)
	at org.openqa.selenium.remote.RemoteWebDriver.findElement(RemoteWebDriver.java:323)
	at org.openqa.selenium.remote.RemoteWebDriver.findElementByXPath(RemoteWebDriver.java:428)
	at org.openqa.selenium.By$ByXPath.findElement(By.java:353)
	at org.openqa.selenium.remote.RemoteWebDriver.findElement(RemoteWebDriver.java:315)
	at test.RobotTest.launchGoogle(RobotTest.java:57)
</failure>
    <system-out><![CDATA[[TestNGContentHandler] [WARN] It is strongly recommended to add "<!DOCTYPE suite SYSTEM "https://testng.org/testng-1.0.dtd" >" at the top of the suite file [/home/walkingtree/Downloads/Selenium/new-selenium-jar/DarazOrder/testng.xml] otherwise TestNG may fail or not work as expected.
...
... TestNG 7.4.0 by Cédric Beust (cedric@beust.com)
...

http://wttqaopselasticsearch.engazewell.com
driver connected.............
Google
]]></system-out>
    <system-err>SLF4J: Failed to load class "org.slf4j.impl.StaticLoggerBinder".
SLF4J: Defaulting to no-operation (NOP) logger implementation
SLF4J: See http://www.slf4j.org/codes.html#StaticLoggerBinder for further details.
1640170203247	geckodriver	INFO	Listening on 127.0.0.1:28965
1640170203582	mozrunner::runner	INFO	Running command: "/usr/lib/firefox/firefox" "--marionette" "-no-remote" "-profile" "/tmp/rust_mozprofileKtCqkL"
ATTENTION: default value of option mesa_glthread overridden by environment.
ATTENTION: default value of option mesa_glthread overridden by environment.
ATTENTION: default value of option mesa_glthread overridden by environment.
ATTENTION: default value of option mesa_glthread overridden by environment.
1640170205492	Marionette	INFO	Marionette enabled
console.warn: SearchSettings: "get: No settings file exists, new profile?" (new NotFoundError("Could not open the file at /tmp/rust_mozprofileKtCqkL/search.json.mozlz4", (void 0)))
1640170215511	Marionette	INFO	Listening on port 40777
1640170215561	RemoteAgent	WARN	TLS certificate errors will be ignored for this session
Dec 22, 2021 4:20:15 PM org.openqa.selenium.remote.ProtocolHandshake createSession
INFO: Detected dialect: W3C
1640170223044	Marionette	INFO	Stopped listening on port 40777
console.warn: TopSitesFeed: Failed to fetch data from Contile server: NetworkError when attempting to fetch resource.
JavaScript error: chrome://remote/content/marionette/cert.js, line 55: NS_ERROR_NOT_AVAILABLE: Component returned failure code: 0x80040111 (NS_ERROR_NOT_AVAILABLE) [nsICertOverrideService.setDisableAllSecurityChecksAndLetAttackersInterceptMyData]
1640170228046	geckodriver::marionette	ERROR	Failed to close browser connection: Socket not connected (os error 107)
</system-err>
  </testcase>
</testsuite>