<?xml version="1.0" encoding="UTF-8"?>
<testng-results skipped="0" failed="0" ignored="0" total="1" passed="1">
  <reporter-output>
  </reporter-output>
  <suite name="Command line suite" duration-ms="57837" started-at="2021-12-22T11:52:08 IST" finished-at="2021-12-22T11:53:06 IST">
    <groups>
    </groups>
    <test name="Command line test" duration-ms="57837" started-at="2021-12-22T11:52:08 IST" finished-at="2021-12-22T11:53:06 IST">
      <class name="test.RobotTest">
        <test-method status="PASS" signature="launchGoogle()[pri:0, instance:test.RobotTest@3eb7fc54]" name="launchGoogle" duration-ms="57754" started-at="2021-12-22T11:52:08 IST" finished-at="2021-12-22T11:53:06 IST">
          <reporter-output>
          </reporter-output>
        </test-method> <!-- launchGoogle -->
      </class> <!-- test.RobotTest -->
    </test> <!-- Command line test -->
  </suite> <!-- Command line suite -->
</testng-results>
